2023-07-09T00:21:25.348-03:00  INFO 9028 --- [XNIO-1 task-2] io.undertow.servlet                      : Initializing Spring DispatcherServlet 'dispatcherServlet'
2023-07-09T00:21:25.355-03:00  INFO 9028 --- [XNIO-1 task-2] o.s.web.servlet.DispatcherServlet        : Initializing Servlet 'dispatcherServlet'
2023-07-09T00:21:25.368-03:00  INFO 9028 --- [XNIO-1 task-2] o.s.web.servlet.DispatcherServlet        : Completed initialization in 11 ms
2023-07-09T00:21:25.396-03:00  WARN 9028 --- [XNIO-1 task-2] o.s.web.servlet.PageNotFound             : No mapping for GET /
2023-07-09T00:21:25.399-03:00  INFO 9028 --- [XNIO-1 task-2] l.server.io.RequestLoggingFilter         : GET /, client=127.0.0.1
2023-07-09T00:21:35.661-03:00  WARN 9028 --- [XNIO-1 task-2] o.s.web.servlet.PageNotFound             : No mapping for GET /
2023-07-09T00:21:35.680-03:00  INFO 9028 --- [XNIO-1 task-2] l.server.io.RequestLoggingFilter         : GET /, client=127.0.0.1
2023-07-09T00:21:55.710-03:00  WARN 9028 --- [XNIO-1 task-2] o.s.web.servlet.PageNotFound             : No mapping for GET /
2023-07-09T00:21:55.710-03:00  INFO 9028 --- [XNIO-1 task-2] l.server.io.RequestLoggingFilter         : GET /, client=127.0.0.1
2023-07-09T00:22:25.717-03:00  WARN 9028 --- [XNIO-1 task-2] o.s.web.servlet.PageNotFound             : No mapping for GET /
2023-07-09T00:22:25.717-03:00  INFO 9028 --- [XNIO-1 task-2] l.server.io.RequestLoggingFilter         : GET /, client=127.0.0.1
2023-07-09T00:23:05.728-03:00  WARN 9028 --- [XNIO-1 task-2] o.s.web.servlet.PageNotFound             : No mapping for GET /
2023-07-09T00:23:05.728-03:00  INFO 9028 --- [XNIO-1 task-2] l.server.io.RequestLoggingFilter         : GET /, client=127.0.0.1
2023-07-09T00:23:55.738-03:00  WARN 9028 --- [XNIO-1 task-2] o.s.web.servlet.PageNotFound             : No mapping for GET /
2023-07-09T00:23:55.739-03:00  INFO 9028 --- [XNIO-1 task-2] l.server.io.RequestLoggingFilter         : GET /, client=127.0.0.1
2023-07-09T00:24:55.756-03:00  WARN 9028 --- [XNIO-1 task-2] o.s.web.servlet.PageNotFound             : No mapping for GET /
2023-07-09T00:24:55.756-03:00  INFO 9028 --- [XNIO-1 task-2] l.server.io.RequestLoggingFilter         : GET /, client=127.0.0.1
2023-07-09T00:25:46.268-03:00  INFO 9028 --- [SpringApplicationShutdownHook] io.undertow                              : stopping server: Undertow - 2.3.6.Final
2023-07-09T00:25:46.273-03:00  INFO 9028 --- [SpringApplicationShutdownHook] io.undertow.servlet                      : Destroying Spring FrameworkServlet 'dispatcherServlet'
2023-07-09T00:25:46.275-03:00  INFO 9028 --- [SpringApplicationShutdownHook] c.s.d.l.tools.GarbageCollectionMonitor   : GC monitoring disabled.
2023-07-09 01:34:26.447  INFO 28092 --- [main] lavalink.server.Launcher                 : Starting Launcher using Java 17.0.7 on GABS-6850K with PID 28092 (D:\Coding\C#\DiscordBot\MusicDiscordBot\Lavalink\Lavalink.jar started by GABRIEL in D:\Coding\C#\DiscordBot\MusicDiscordBot\Lavalink)
2023-07-09 01:34:26.453  INFO 28092 --- [main] lavalink.server.Launcher                 : No active profile set, falling back to 1 default profile: "default"
2023-07-09 01:34:27.567  INFO 28092 --- [main] lavalink.server.Launcher                 : Started Launcher in 1.924 seconds (JVM running for 2.507)
2023-07-09 01:34:27.570  INFO 28092 --- [main] lavalink.server.Launcher                 : You can safely ignore the big red warning about illegal reflection. See https://github.com/freyacodes/Lavalink/issues/295
2023-07-09 01:34:27.638  INFO 28092 --- [main] lavalink.server.Launcher                 : 

[32m       .  [31m _                  _ _       _    [32m__ _ _
[32m      /\\ [31m| | __ ___   ____ _| (_)_ __ | | __[32m\ \ \ \
[32m     ( ( )[31m| |/ _` \ \ / / _` | | | '_ \| |/ /[32m \ \ \ \
[32m      \\/ [31m| | (_| |\ V / (_| | | | | | |   < [32m  ) ) ) )
[32m       '  [31m|_|\__,_| \_/ \__,_|_|_|_| |_|_|\_\[32m / / / /
[0m    =========================================[32m/_/_/_/[0m

	Version:        3.7.5
	Build time:     06.03.2023 12:02:05 UTC
	Branch          HEAD
	Commit:         c00286d
	Commit time:    06.03.2023 11:59:46 UTC
	JVM:            17.0.7
	Lavaplayer      1.4.0-original

2023-07-09 01:34:27.648  INFO 28092 --- [main] lavalink.server.Launcher                 : No active profile set, falling back to 1 default profile: "default"
2023-07-09 01:34:28.788  WARN 28092 --- [main] io.undertow.websockets.jsr               : UT026010: Buffer pool was not set on WebSocketDeploymentInfo, the default pool will be used
2023-07-09 01:34:28.830  INFO 28092 --- [main] io.undertow.servlet                      : Initializing Spring embedded WebApplicationContext
2023-07-09 01:34:28.831  INFO 28092 --- [main] w.s.c.ServletWebServerApplicationContext : Root WebApplicationContext: initialization completed in 1177 ms
2023-07-09 01:34:28.971  WARN 28092 --- [main] l.server.config.SentryConfiguration      : Turning off sentry
2023-07-09 01:34:29.229  INFO 28092 --- [main] c.s.d.l.tools.GarbageCollectionMonitor   : GC monitoring enabled, reporting results every 2 minutes.
2023-07-09 01:34:29.893  INFO 28092 --- [main] lavalink.server.config.KoeConfiguration  : OS: WINDOWS, Arch: X86_64
2023-07-09 01:34:29.893  INFO 28092 --- [main] lavalink.server.config.KoeConfiguration  : Enabling JDA-NAS
2023-07-09 01:34:29.897  INFO 28092 --- [main] c.s.l.c.natives.NativeLibraryLoader      : Native library udpqueue: loading with filter null
2023-07-09 01:34:29.909  INFO 28092 --- [main] c.s.l.c.natives.NativeLibraryLoader      : Native library udpqueue: successfully loaded.
2023-07-09 01:34:30.317  INFO 28092 --- [main] io.undertow                              : starting server: Undertow - 2.2.16.Final
2023-07-09 01:34:30.335  INFO 28092 --- [main] org.xnio                                 : XNIO version 3.8.6.Final
2023-07-09 01:34:30.353  INFO 28092 --- [main] org.xnio.nio                             : XNIO NIO Implementation Version 3.8.6.Final
2023-07-09 01:34:30.480  INFO 28092 --- [main] org.jboss.threads                        : JBoss Threads version 3.1.0.Final
2023-07-09 01:34:30.568  INFO 28092 --- [main] o.s.b.w.e.undertow.UndertowWebServer     : Undertow started on port(s) 2333 (http)
2023-07-09 01:34:30.576  INFO 28092 --- [main] lavalink.server.Launcher                 : Started Launcher in 3.0 seconds (JVM running for 5.516)
2023-07-09 01:34:30.577  INFO 28092 --- [main] lavalink.server.Launcher                 : Lavalink is ready to accept connections.
2023-07-09 01:34:38.167  INFO 28092 --- [XNIO-1 task-1] io.undertow.servlet                      : Initializing Spring DispatcherServlet 'dispatcherServlet'
2023-07-09 01:34:38.167  INFO 28092 --- [XNIO-1 task-1] o.s.web.servlet.DispatcherServlet        : Initializing Servlet 'dispatcherServlet'
2023-07-09 01:34:38.168  INFO 28092 --- [XNIO-1 task-1] o.s.web.servlet.DispatcherServlet        : Completed initialization in 1 ms
2023-07-09 01:34:38.190  INFO 28092 --- [XNIO-1 task-1] l.server.io.HandshakeInterceptorImpl     : Incoming connection from /127.0.0.1:57056
2023-07-09 01:34:38.211  INFO 28092 --- [XNIO-1 task-1] lavalink.server.io.RequestLoggingFilter  : GET /, client=127.0.0.1
2023-07-09 01:34:38.468  INFO 28092 --- [XNIO-1 task-1] lavalink.server.io.SocketServer          : Connection successfully established from Victoria/5.2.8.0
2023-07-09 01:34:44.889  INFO 28092 --- [XNIO-1 I/O-7] lavalink.server.io.SocketServer          : {"guildId":"1041129444955406367","sessionId":"1eb5216e0ac78f6dd587d2f31c1c2d9b","event":{"token":"525af0cc0383b9c7","endpoint":"brazil934.discord.media:443"},"op":"voiceUpdate"}
2023-07-09 01:34:44.891  WARN 28092 --- [XNIO-1 I/O-7] lavalink.server.io.WebSocketHandler      : Sending websocket commands to Lavalink has been deprecated and will be removed in API version 4. API version 3 will be removed in Lavalink 5. Please use the new REST endpoints instead.
2023-07-09 01:35:13.171  INFO 28092 --- [XNIO-1 task-1] l.server.player.AudioLoaderRestHandler   : Got request to load for identifier "https://www.youtube.com/watch?v=khADqsOm-iU"
2023-07-09 01:35:13.177  WARN 28092 --- [lava-daemon-pool-info-loader-2-thread-1] c.s.d.l.s.y.YoutubeAccessTokenTracker    : YouTube auth tokens can't be retrieved because email and password is not set in YoutubeAudioSourceManager, age restricted videos will throw exceptions.
2023-07-09 01:35:13.674  INFO 28092 --- [lava-daemon-pool-info-loader-2-thread-1] c.s.d.l.s.y.YoutubeAccessTokenTracker    : Updating YouTube visitor id (current is null).
2023-07-09 01:35:13.810  INFO 28092 --- [lava-daemon-pool-info-loader-2-thread-1] c.s.d.l.s.y.YoutubeAccessTokenTracker    : Updating YouTube visitor id succeeded, new one is CgtaX29ZTG1mMVE1QSiH8qilBg%3D%3D, next update will be after 600 seconds.
2023-07-09 01:35:13.915  INFO 28092 --- [lava-daemon-pool-info-loader-2-thread-1] lavalink.server.player.AudioLoader       : Loaded track 2010s nostalgia mix ~throwback playlist
2023-07-09 01:35:13.978  INFO 28092 --- [XNIO-1 task-1] lavalink.server.io.RequestLoggingFilter  : GET /loadtracks?identifier=https://www.youtube.com/watch?v=khADqsOm-iU, client=127.0.0.1
2023-07-09 01:35:14.369  INFO 28092 --- [XNIO-1 I/O-7] lavalink.server.io.SocketServer          : {"track":"QAAAjgIAJzIwMTBzIG5vc3RhbGdpYSBtaXggfnRocm93YmFjayBwbGF5bGlzdAANUm9zZWF0ZSBNaXhlcwAAAAAAh9lYAAtraEFEcXNPbS1pVQABACtodHRwczovL3d3dy55b3V0dWJlLmNvbS93YXRjaD92PWtoQURxc09tLWlVAAd5b3V0dWJlAAAAAAAAAAA=","guildId":"1041129444955406367","op":"play"}
2023-07-09 01:35:20.557  INFO 28092 --- [XNIO-1 I/O-7] lavalink.server.io.SocketServer          : {"volume":5,"guildId":"1041129444955406367","op":"volume"}
2023-07-09 01:35:20.574  INFO 28092 --- [lava-daemon-pool-playback-1-thread-1] c.s.l.c.natives.NativeLibraryLoader      : Native library libmpg123-0: loading with filter com.sedmelluq.discord.lavaplayer.natives.ConnectorNativeLibLoader$$Lambda$768/0x0000000801329698@161d033f
2023-07-09 01:35:20.600  INFO 28092 --- [lava-daemon-pool-playback-1-thread-1] c.s.l.c.natives.NativeLibraryLoader      : Native library libmpg123-0: successfully loaded.
2023-07-09 01:35:20.601  INFO 28092 --- [lava-daemon-pool-playback-1-thread-1] c.s.l.c.natives.NativeLibraryLoader      : Native library connector: loading with filter null
2023-07-09 01:35:20.686  INFO 28092 --- [lava-daemon-pool-playback-1-thread-1] c.s.l.c.natives.NativeLibraryLoader      : Native library connector: successfully loaded.
2023-07-09 01:35:30.891  INFO 28092 --- [XNIO-1 I/O-7] lavalink.server.io.SocketServer          : {"volume":20,"guildId":"1041129444955406367","op":"volume"}
2023-07-09 02:07:37.532  INFO 28092 --- [XNIO-1 task-1] l.server.player.AudioLoaderRestHandler   : Got request to load for identifier "https://www.youtube.com/watch?v=kqFLQG484pg"
2023-07-09 02:07:37.533  INFO 28092 --- [lava-daemon-pool-info-loader-2-thread-1] c.s.d.l.s.y.YoutubeAccessTokenTracker    : Updating YouTube visitor id (current is CgtaX29ZTG1mMVE1QSiH8qilBg%3D%3D).
2023-07-09 02:07:37.675  INFO 28092 --- [lava-daemon-pool-info-loader-2-thread-1] c.s.d.l.s.y.YoutubeAccessTokenTracker    : Updating YouTube visitor id succeeded, new one is CgtacS1GRU9HdHdEbyifgamlBg%3D%3D, next update will be after 600 seconds.
2023-07-09 02:07:37.757  INFO 28092 --- [lava-daemon-pool-info-loader-2-thread-1] lavalink.server.player.AudioLoader       : Loaded track Lukas Graham - 7 Years
2023-07-09 02:07:37.761  INFO 28092 --- [XNIO-1 task-1] lavalink.server.io.RequestLoggingFilter  : GET /loadtracks?identifier=https://www.youtube.com/watch?v=kqFLQG484pg, client=127.0.0.1
2023-07-09 02:30:57.255  INFO 28092 --- [XNIO-1 I/O-7] lavalink.server.io.SocketServer          : {"guildId":"1041129444955406367","op":"stop"}
2023-07-09 02:30:57.267  INFO 28092 --- [XNIO-1 I/O-7] lavalink.server.io.SocketServer          : {"guildId":"1041129444955406367","op":"destroy"}
2023-07-09 02:31:58.264  INFO 28092 --- [XNIO-1 I/O-7] lavalink.server.io.SocketServer          : {"guildId":"1041129444955406367","sessionId":"1eb5216e0ac78f6dd587d2f31c1c2d9b","event":{"token":"4a837302017e1ddb","endpoint":"brazil934.discord.media:443"},"op":"voiceUpdate"}
2023-07-09 02:32:15.954  INFO 28092 --- [XNIO-1 task-1] l.server.player.AudioLoaderRestHandler   : Got request to load for identifier "https://www.youtube.com/watch?v=kqFLQG484pg"
2023-07-09 02:32:15.955  INFO 28092 --- [lava-daemon-pool-info-loader-2-thread-1] c.s.d.l.s.y.YoutubeAccessTokenTracker    : Updating YouTube visitor id (current is CgtacS1GRU9HdHdEbyifgamlBg%3D%3D).
2023-07-09 02:32:16.095  INFO 28092 --- [lava-daemon-pool-info-loader-2-thread-1] c.s.d.l.s.y.YoutubeAccessTokenTracker    : Updating YouTube visitor id succeeded, new one is CgtYVzNUUlkyZjdDTSjljKmlBg%3D%3D, next update will be after 600 seconds.
2023-07-09 02:32:16.198  INFO 28092 --- [lava-daemon-pool-info-loader-2-thread-1] lavalink.server.player.AudioLoader       : Loaded track Lukas Graham - 7 Years
2023-07-09 02:32:16.200  INFO 28092 --- [XNIO-1 task-1] lavalink.server.io.RequestLoggingFilter  : GET /loadtracks?identifier=https://www.youtube.com/watch?v=kqFLQG484pg, client=127.0.0.1
2023-07-09 02:32:16.891  INFO 28092 --- [XNIO-1 I/O-7] lavalink.server.io.SocketServer          : {"track":"QAAAeQIAFkx1a2FzIEdyYWhhbSAtIDcgWWVhcnMACUxhdGluSHlwZQAAAAAAA5IQAAtrcUZMUUc0ODRwZwABACtodHRwczovL3d3dy55b3V0dWJlLmNvbS93YXRjaD92PWtxRkxRRzQ4NHBnAAd5b3V0dWJlAAAAAAAAAAA=","guildId":"1041129444955406367","op":"play"}
2023-07-09 02:32:29.061  INFO 28092 --- [XNIO-1 task-1] l.server.player.AudioLoaderRestHandler   : Got request to load for identifier "https://www.youtube.com/watch?v=kqFLQG484pg"
2023-07-09 02:32:29.147  INFO 28092 --- [lava-daemon-pool-info-loader-2-thread-1] lavalink.server.player.AudioLoader       : Loaded track Lukas Graham - 7 Years
2023-07-09 02:32:29.149  INFO 28092 --- [XNIO-1 task-1] lavalink.server.io.RequestLoggingFilter  : GET /loadtracks?identifier=https://www.youtube.com/watch?v=kqFLQG484pg, client=127.0.0.1
2023-07-09 02:32:34.024  INFO 28092 --- [XNIO-1 I/O-7] lavalink.server.io.SocketServer          : {"track":"QAAAeQIAFkx1a2FzIEdyYWhhbSAtIDcgWWVhcnMACUxhdGluSHlwZQAAAAAAA5IQAAtrcUZMUUc0ODRwZwABACtodHRwczovL3d3dy55b3V0dWJlLmNvbS93YXRjaD92PWtxRkxRRzQ4NHBnAAd5b3V0dWJlAAAAAAAAAAA=","volume":100,"guildId":"1041129444955406367","op":"play"}
2023-07-09 02:32:38.163  INFO 28092 --- [XNIO-1 I/O-7] lavalink.server.io.SocketServer          : {"guildId":"1041129444955406367","op":"stop"}
2023-07-09 02:32:43.412  INFO 28092 --- [XNIO-1 I/O-7] lavalink.server.io.SocketServer          : {"guildId":"1041129444955406367","op":"stop"}
2023-07-09 02:32:43.412  INFO 28092 --- [XNIO-1 I/O-7] lavalink.server.io.SocketServer          : {"guildId":"1041129444955406367","op":"destroy"}
2023-07-09 02:35:13.865  INFO 28092 --- [XNIO-1 I/O-7] lavalink.server.io.SocketServer          : {"guildId":"1041129444955406367","sessionId":"1eb5216e0ac78f6dd587d2f31c1c2d9b","event":{"token":"2712b025e87a8022","endpoint":"brazil934.discord.media:443"},"op":"voiceUpdate"}
2023-07-09 02:35:16.863  INFO 28092 --- [XNIO-1 task-1] l.server.player.AudioLoaderRestHandler   : Got request to load for identifier "https://www.youtube.com/watch?v=kqFLQG484pg"
2023-07-09 02:35:16.968  INFO 28092 --- [lava-daemon-pool-info-loader-2-thread-1] lavalink.server.player.AudioLoader       : Loaded track Lukas Graham - 7 Years
2023-07-09 02:35:16.970  INFO 28092 --- [XNIO-1 task-1] lavalink.server.io.RequestLoggingFilter  : GET /loadtracks?identifier=https://www.youtube.com/watch?v=kqFLQG484pg, client=127.0.0.1
2023-07-09 02:35:17.385  INFO 28092 --- [XNIO-1 I/O-7] lavalink.server.io.SocketServer          : {"track":"QAAAeQIAFkx1a2FzIEdyYWhhbSAtIDcgWWVhcnMACUxhdGluSHlwZQAAAAAAA5IQAAtrcUZMUUc0ODRwZwABACtodHRwczovL3d3dy55b3V0dWJlLmNvbS93YXRjaD92PWtxRkxRRzQ4NHBnAAd5b3V0dWJlAAAAAAAAAAA=","guildId":"1041129444955406367","op":"play"}
2023-07-09 02:39:22.908  INFO 28092 --- [XNIO-1 I/O-7] lavalink.server.io.SocketServer          : {"guildId":"1041129444955406367","op":"stop"}
2023-07-09 02:39:22.910  INFO 28092 --- [XNIO-1 I/O-7] lavalink.server.io.SocketServer          : {"guildId":"1041129444955406367","op":"destroy"}
2023-07-09 02:39:35.601  INFO 28092 --- [XNIO-1 I/O-7] lavalink.server.io.SocketServer          : {"guildId":"1041129444955406367","sessionId":"1eb5216e0ac78f6dd587d2f31c1c2d9b","event":{"token":"7b723fda32a98663","endpoint":"brazil934.discord.media:443"},"op":"voiceUpdate"}
2023-07-09 02:39:36.828  INFO 28092 --- [XNIO-1 task-1] l.server.player.AudioLoaderRestHandler   : Got request to load for identifier "https://www.youtube.com/watch?v=kqFLQG484pg"
2023-07-09 02:39:37.003  INFO 28092 --- [lava-daemon-pool-info-loader-2-thread-1] lavalink.server.player.AudioLoader       : Loaded track Lukas Graham - 7 Years
2023-07-09 02:39:37.005  INFO 28092 --- [XNIO-1 task-1] lavalink.server.io.RequestLoggingFilter  : GET /loadtracks?identifier=https://www.youtube.com/watch?v=kqFLQG484pg, client=127.0.0.1
2023-07-09 02:39:37.535  INFO 28092 --- [XNIO-1 I/O-7] lavalink.server.io.SocketServer          : {"track":"QAAAeQIAFkx1a2FzIEdyYWhhbSAtIDcgWWVhcnMACUxhdGluSHlwZQAAAAAAA5IQAAtrcUZMUUc0ODRwZwABACtodHRwczovL3d3dy55b3V0dWJlLmNvbS93YXRjaD92PWtxRkxRRzQ4NHBnAAd5b3V0dWJlAAAAAAAAAAA=","guildId":"1041129444955406367","op":"play"}
2023-07-09 02:43:41.885  INFO 28092 --- [XNIO-1 I/O-7] lavalink.server.io.SocketServer          : {"guildId":"1041129444955406367","op":"stop"}
2023-07-09 02:43:41.886  INFO 28092 --- [XNIO-1 I/O-7] lavalink.server.io.SocketServer          : {"guildId":"1041129444955406367","op":"destroy"}
2023-07-09 02:44:00.131  INFO 28092 --- [XNIO-1 I/O-7] lavalink.server.io.SocketServer          : {"guildId":"1041129444955406367","sessionId":"1eb5216e0ac78f6dd587d2f31c1c2d9b","event":{"token":"ab15a98013a4a9ee","endpoint":"brazil934.discord.media:443"},"op":"voiceUpdate"}
2023-07-09 02:44:14.473  INFO 28092 --- [XNIO-1 task-1] l.server.player.AudioLoaderRestHandler   : Got request to load for identifier "uma ex"
2023-07-09 02:44:14.475  INFO 28092 --- [lava-daemon-pool-info-loader-2-thread-1] lavalink.server.player.AudioLoader       : No matches found
2023-07-09 02:44:14.669  INFO 28092 --- [XNIO-1 task-1] lavalink.server.io.RequestLoggingFilter  : GET /loadtracks?identifier=uma%20ex, client=127.0.0.1
2023-07-09 02:44:23.058  INFO 28092 --- [XNIO-1 task-1] l.server.player.AudioLoaderRestHandler   : Got request to load for identifier "https://www.youtube.com/watch?v=0HlQIFO7Yvo"
2023-07-09 02:44:23.059  INFO 28092 --- [lava-daemon-pool-info-loader-2-thread-1] c.s.d.l.s.y.YoutubeAccessTokenTracker    : Updating YouTube visitor id (current is CgtYVzNUUlkyZjdDTSjljKmlBg%3D%3D).
2023-07-09 02:44:23.190  INFO 28092 --- [lava-daemon-pool-info-loader-2-thread-1] c.s.d.l.s.y.YoutubeAccessTokenTracker    : Updating YouTube visitor id succeeded, new one is CgtzWjUzUTU2MW5SVSi9kqmlBg%3D%3D, next update will be after 600 seconds.
2023-07-09 02:44:23.282  INFO 28092 --- [lava-daemon-pool-info-loader-2-thread-1] lavalink.server.player.AudioLoader       : Loaded track Murilo Huff - Uma Ex (Ao Vivo Em Rio Preto)
2023-07-09 02:44:23.284  INFO 28092 --- [XNIO-1 task-1] lavalink.server.io.RequestLoggingFilter  : GET /loadtracks?identifier=https://www.youtube.com/watch?v=0HlQIFO7Yvo, client=127.0.0.1
2023-07-09 02:44:23.650  INFO 28092 --- [XNIO-1 I/O-7] lavalink.server.io.SocketServer          : {"track":"QAAAkAIAK011cmlsbyBIdWZmIC0gVW1hIEV4IChBbyBWaXZvIEVtIFJpbyBQcmV0bykAC011cmlsbyBIdWZmAAAAAAAFS3gACzBIbFFJRk83WXZvAAEAK2h0dHBzOi8vd3d3LnlvdXR1YmUuY29tL3dhdGNoP3Y9MEhsUUlGTzdZdm8AB3lvdXR1YmUAAAAAAAAAAA==","guildId":"1041129444955406367","op":"play"}
2023-07-09 02:50:34.468  INFO 28092 --- [XNIO-1 task-1] l.server.player.AudioLoaderRestHandler   : Got request to load for identifier "https://open.spotify.com/intl-pt/track/2PqPSf3gtTED79rWGwVtYg?si=b0c284ffd16b4047"
2023-07-09 02:50:35.071 ERROR 28092 --- [lava-daemon-pool-info-loader-2-thread-1] lavalink.server.player.AudioLoader       : Load failed

com.sedmelluq.discord.lavaplayer.tools.FriendlyException: Unknown file format.
	at com.sedmelluq.discord.lavaplayer.source.ProbingAudioSourceManager.handleLoadResult(ProbingAudioSourceManager.java:34) ~[lavaplayer-1.4.0.jar!/:na]
	at com.sedmelluq.discord.lavaplayer.source.http.HttpAudioSourceManager.loadItem(HttpAudioSourceManager.java:81) ~[lavaplayer-1.4.0.jar!/:na]
	at com.sedmelluq.discord.lavaplayer.player.DefaultAudioPlayerManager.checkSourcesForItemOnce(DefaultAudioPlayerManager.java:449) ~[lavaplayer-1.4.0.jar!/:na]
	at com.sedmelluq.discord.lavaplayer.player.DefaultAudioPlayerManager.checkSourcesForItem(DefaultAudioPlayerManager.java:431) ~[lavaplayer-1.4.0.jar!/:na]
	at com.sedmelluq.discord.lavaplayer.player.DefaultAudioPlayerManager.lambda$createItemLoader$0(DefaultAudioPlayerManager.java:223) ~[lavaplayer-1.4.0.jar!/:na]
	at java.base/java.util.concurrent.FutureTask.run(FutureTask.java:264) ~[na:na]
	at java.base/java.util.concurrent.ThreadPoolExecutor.runWorker(ThreadPoolExecutor.java:1136) ~[na:na]
	at java.base/java.util.concurrent.ThreadPoolExecutor$Worker.run(ThreadPoolExecutor.java:635) ~[na:na]
	at java.base/java.lang.Thread.run(Thread.java:833) ~[na:na]
	Suppressed: com.sedmelluq.discord.lavaplayer.tools.exception.EnvironmentInformation: 
  lavaplayer.version: 1.4.0-original
  os.arch: amd64
  os.name: Windows 10
  os.version: 10.0
  java.vendor: Oracle Corporation
  java.version: 17.0.7
  java.runtime.version: 17.0.7+8-LTS-224
  java.vm.version: 17.0.7+8-LTS-224

2023-07-09 02:50:35.074  INFO 28092 --- [XNIO-1 task-1] lavalink.server.io.RequestLoggingFilter  : GET /loadtracks?identifier=https://open.spotify.com/intl-pt/track/2PqPSf3gtTED79rWGwVtYg?si=b0c284ffd16b4047, client=127.0.0.1
2023-07-09 02:51:10.187  INFO 28092 --- [XNIO-1 task-1] l.server.player.AudioLoaderRestHandler   : Got request to load for identifier "https://youtu.be/TUDjbeCtBKI"
2023-07-09 02:51:10.349  INFO 28092 --- [lava-daemon-pool-info-loader-2-thread-1] lavalink.server.player.AudioLoader       : Loaded track Diego & Victor Hugo - Áudio (Ao Vivo em Brasília)
2023-07-09 02:51:10.351  INFO 28092 --- [XNIO-1 task-1] lavalink.server.io.RequestLoggingFilter  : GET /loadtracks?identifier=https://youtu.be/TUDjbeCtBKI, client=127.0.0.1
2023-07-09 02:51:30.504  INFO 28092 --- [XNIO-1 I/O-7] lavalink.server.io.SocketServer          : {"track":"QAAAoQIAM0RpZWdvICYgVmljdG9yIEh1Z28gLSDDgXVkaW8gKEFvIFZpdm8gZW0gQnJhc8OtbGlhKQAURGllZ29FVmljdG9ySHVnb1ZFVk8AAAAAAALaeAALVFVEamJlQ3RCS0kAAQAraHR0cHM6Ly93d3cueW91dHViZS5jb20vd2F0Y2g/dj1UVURqYmVDdEJLSQAHeW91dHViZQAAAAAAAAAA","volume":100,"guildId":"1041129444955406367","op":"play"}
2023-07-09 02:52:06.797  INFO 28092 --- [XNIO-1 task-1] l.server.player.AudioLoaderRestHandler   : Got request to load for identifier "https://youtu.be/6EGg0_l-edc"
2023-07-09 02:52:06.889  INFO 28092 --- [lava-daemon-pool-info-loader-2-thread-1] lavalink.server.player.AudioLoader       : Loaded track Henrique e Juliano -  A MAIOR SAUDADE - DVD Manifesto Musical
2023-07-09 02:52:06.891  INFO 28092 --- [XNIO-1 task-1] lavalink.server.io.RequestLoggingFilter  : GET /loadtracks?identifier=https://youtu.be/6EGg0_l-edc, client=127.0.0.1
2023-07-09 02:52:32.513  INFO 28092 --- [XNIO-1 task-1] l.server.player.AudioLoaderRestHandler   : Got request to load for identifier "https://youtu.be/2cdF8Y3J1e4"
2023-07-09 02:52:32.616  INFO 28092 --- [lava-daemon-pool-info-loader-2-thread-1] lavalink.server.player.AudioLoader       : Loaded track Henrique e Juliano -  EVENTO CANCELADO - DVD Manifesto Musical
2023-07-09 02:52:32.618  INFO 28092 --- [XNIO-1 task-1] lavalink.server.io.RequestLoggingFilter  : GET /loadtracks?identifier=https://youtu.be/2cdF8Y3J1e4, client=127.0.0.1
2023-07-09 02:52:49.438  INFO 28092 --- [XNIO-1 task-1] l.server.player.AudioLoaderRestHandler   : Got request to load for identifier "https://youtu.be/FpsTsW408s4"
2023-07-09 02:52:49.542  INFO 28092 --- [lava-daemon-pool-info-loader-2-thread-1] lavalink.server.player.AudioLoader       : Loaded track Henrique e Juliano  - UNIVERSO CONSPIROU - DVD Manifesto Musical
2023-07-09 02:52:49.545  INFO 28092 --- [XNIO-1 task-1] lavalink.server.io.RequestLoggingFilter  : GET /loadtracks?identifier=https://youtu.be/FpsTsW408s4, client=127.0.0.1
2023-07-09 02:53:00.639  INFO 28092 --- [XNIO-1 task-1] l.server.player.AudioLoaderRestHandler   : Got request to load for identifier "minha copia atual"
2023-07-09 02:53:00.639  INFO 28092 --- [lava-daemon-pool-info-loader-2-thread-1] lavalink.server.player.AudioLoader       : No matches found
2023-07-09 02:53:00.641  INFO 28092 --- [XNIO-1 task-1] lavalink.server.io.RequestLoggingFilter  : GET /loadtracks?identifier=minha%20copia%20atual, client=127.0.0.1
2023-07-09 02:53:15.664  INFO 28092 --- [XNIO-1 task-1] l.server.player.AudioLoaderRestHandler   : Got request to load for identifier "https://youtu.be/K73g54E8ZtU"
2023-07-09 02:53:15.749  INFO 28092 --- [lava-daemon-pool-info-loader-2-thread-1] lavalink.server.player.AudioLoader       : Loaded track Henrique e Juliano - MINHA CÓPIA ATUAL - DVD Manifesto Musical
2023-07-09 02:53:15.752  INFO 28092 --- [XNIO-1 task-1] lavalink.server.io.RequestLoggingFilter  : GET /loadtracks?identifier=https://youtu.be/K73g54E8ZtU, client=127.0.0.1
2023-07-09 02:55:27.894  INFO 28092 --- [XNIO-1 I/O-7] lavalink.server.io.SocketServer          : {"track":"QAAAqQIAPUhlbnJpcXVlIGUgSnVsaWFubyAtICBBIE1BSU9SIFNBVURBREUgLSBEVkQgTWFuaWZlc3RvIE11c2ljYWwAEkhlbnJpcXVlIGUgSnVsaWFubwAAAAAAAuYwAAs2RUdnMF9sLWVkYwABACtodHRwczovL3d3dy55b3V0dWJlLmNvbS93YXRjaD92PTZFR2cwX2wtZWRjAAd5b3V0dWJlAAAAAAAAAAA=","volume":100,"guildId":"1041129444955406367","op":"play"}
2023-07-09 02:55:27.895  INFO 28092 --- [lava-daemon-pool-playback-1-thread-2] c.s.d.l.s.y.YoutubeAccessTokenTracker    : Updating YouTube visitor id (current is CgtzWjUzUTU2MW5SVSi9kqmlBg%3D%3D).
2023-07-09 02:55:27.964  INFO 28092 --- [lava-daemon-pool-playback-1-thread-2] c.s.d.l.s.y.YoutubeAccessTokenTracker    : Updating YouTube visitor id succeeded, new one is CgtLY01udnE0X3IzayjVl6mlBg%3D%3D, next update will be after 600 seconds.
2023-07-09 02:59:01.504  INFO 28092 --- [XNIO-1 I/O-7] lavalink.server.io.SocketServer          : {"track":"QAAAqgIAPkhlbnJpcXVlIGUgSnVsaWFubyAtICBFVkVOVE8gQ0FOQ0VMQURPIC0gRFZEIE1hbmlmZXN0byBNdXNpY2FsABJIZW5yaXF1ZSBlIEp1bGlhbm8AAAAAAALK2AALMmNkRjhZM0oxZTQAAQAraHR0cHM6Ly93d3cueW91dHViZS5jb20vd2F0Y2g/dj0yY2RGOFkzSjFlNAAHeW91dHViZQAAAAAAAAAA","volume":100,"guildId":"1041129444955406367","op":"play"}
2023-07-09 03:02:29.151  INFO 28092 --- [XNIO-1 I/O-7] lavalink.server.io.SocketServer          : {"track":"QAAArAIAQEhlbnJpcXVlIGUgSnVsaWFubyAgLSBVTklWRVJTTyBDT05TUElST1UgLSBEVkQgTWFuaWZlc3RvIE11c2ljYWwAEkhlbnJpcXVlIGUgSnVsaWFubwAAAAAAAtp4AAtGcHNUc1c0MDhzNAABACtodHRwczovL3d3dy55b3V0dWJlLmNvbS93YXRjaD92PUZwc1RzVzQwOHM0AAd5b3V0dWJlAAAAAAAAAAA=","volume":100,"guildId":"1041129444955406367","op":"play"}
2023-07-09 03:05:50.459  INFO 28092 --- [XNIO-1 I/O-7] lavalink.server.io.SocketServer          : {"track":"QAAAqwIAP0hlbnJpcXVlIGUgSnVsaWFubyAtIE1JTkhBIEPDk1BJQSBBVFVBTCAtIERWRCBNYW5pZmVzdG8gTXVzaWNhbAASSGVucmlxdWUgZSBKdWxpYW5vAAAAAAAC0qgAC0s3M2c1NEU4WnRVAAEAK2h0dHBzOi8vd3d3LnlvdXR1YmUuY29tL3dhdGNoP3Y9SzczZzU0RThadFUAB3lvdXR1YmUAAAAAAAAAAA==","volume":100,"guildId":"1041129444955406367","op":"play"}
2023-07-09 03:05:50.461  INFO 28092 --- [lava-daemon-pool-playback-1-thread-2] c.s.d.l.s.y.YoutubeAccessTokenTracker    : Updating YouTube visitor id (current is CgtLY01udnE0X3IzayjVl6mlBg%3D%3D).
2023-07-09 03:05:50.526  INFO 28092 --- [lava-daemon-pool-playback-1-thread-2] c.s.d.l.s.y.YoutubeAccessTokenTracker    : Updating YouTube visitor id succeeded, new one is CgtYWDlvU2w2ZFdaUSjEnKmlBg%3D%3D, next update will be after 600 seconds.
2023-07-09 03:56:04.638  INFO 28092 --- [XNIO-1 task-1] l.server.player.AudioLoaderRestHandler   : Got request to load for identifier "https://youtu.be/rslevLv_SIQ"
2023-07-09 03:56:04.639  INFO 28092 --- [lava-daemon-pool-info-loader-2-thread-1] c.s.d.l.s.y.YoutubeAccessTokenTracker    : Updating YouTube visitor id (current is CgtYWDlvU2w2ZFdaUSjEnKmlBg%3D%3D).
2023-07-09 03:56:04.779  INFO 28092 --- [lava-daemon-pool-info-loader-2-thread-1] c.s.d.l.s.y.YoutubeAccessTokenTracker    : Updating YouTube visitor id succeeded, new one is CgtmZS1vWjJaNXpsNCiKtKmlBg%3D%3D, next update will be after 600 seconds.
2023-07-09 03:56:04.878  INFO 28092 --- [lava-daemon-pool-info-loader-2-thread-1] lavalink.server.player.AudioLoader       : Loaded track ????? ??? ???????????
2023-07-09 03:56:04.885  INFO 28092 --- [XNIO-1 task-1] lavalink.server.io.RequestLoggingFilter  : GET /loadtracks?identifier=https://youtu.be/rslevLv_SIQ, client=127.0.0.1
2023-07-09 03:56:23.775  INFO 28092 --- [XNIO-1 I/O-7] lavalink.server.io.SocketServer          : {"track":"QAAA0wIAdO2gte2zou2gte2zse2gte2zqu2gte2zu\u002B2gte2ztCDtoLXts6rtoLXts7ftoLXts60g7aC17bOj7aC17bO77aC17bOq7aC17bO37aC17bO67aC17bO\u002B7aC17bOy7aC17bO17aC17bOy7aC17bO97aC17bSCAAVEdUR1TAAAAAAAAr8gAAtyc2xldkx2X1NJUQABACtodHRwczovL3d3dy55b3V0dWJlLmNvbS93YXRjaD92PXJzbGV2THZfU0lRAAd5b3V0dWJlAAAAAAAAAAA=","volume":100,"guildId":"1041129444955406367","op":"play"}
2023-07-09 03:57:27.627  INFO 28092 --- [XNIO-1 task-1] l.server.player.AudioLoaderRestHandler   : Got request to load for identifier "https://www.youtube.com/shorts/FHUhXo8093A"
2023-07-09 03:57:27.739  INFO 28092 --- [lava-daemon-pool-info-loader-2-thread-1] lavalink.server.player.AudioLoader       : Loaded track Gustavo Lima Rojão [#shorts]
2023-07-09 03:57:27.741  INFO 28092 --- [XNIO-1 task-1] lavalink.server.io.RequestLoggingFilter  : GET /loadtracks?identifier=https://www.youtube.com/shorts/FHUhXo8093A, client=127.0.0.1
2023-07-09 03:57:29.825  INFO 28092 --- [XNIO-1 I/O-7] lavalink.server.io.SocketServer          : {"track":"QAAAgwIAHUd1c3Rhdm8gTGltYSBSb2rDo28gWyNzaG9ydHNdAAxTaG9ydCBBbGhlaW8AAAAAAAATiAALRkhVaFhvODA5M0EAAQAraHR0cHM6Ly93d3cueW91dHViZS5jb20vd2F0Y2g/dj1GSFVoWG84MDkzQQAHeW91dHViZQAAAAAAAAAA","volume":100,"guildId":"1041129444955406367","op":"play"}
2023-07-09 03:57:45.506  INFO 28092 --- [XNIO-1 I/O-7] lavalink.server.io.SocketServer          : {"guildId":"1041129444955406367","op":"stop"}
2023-07-09 03:57:45.507  INFO 28092 --- [XNIO-1 I/O-7] lavalink.server.io.SocketServer          : {"guildId":"1041129444955406367","op":"destroy"}
2023-07-09 03:58:04.958  INFO 28092 --- [XNIO-1 I/O-7] lavalink.server.io.SocketServer          : {"guildId":"1041129444955406367","sessionId":"1eb5216e0ac78f6dd587d2f31c1c2d9b","event":{"token":"3c0d1543a55b775f","endpoint":"brazil934.discord.media:443"},"op":"voiceUpdate"}
2023-07-09 03:58:10.868  INFO 28092 --- [XNIO-1 task-1] l.server.player.AudioLoaderRestHandler   : Got request to load for identifier "https://www.youtube.com/shorts/FHUhXo8093A"
2023-07-09 03:58:10.959  INFO 28092 --- [lava-daemon-pool-info-loader-2-thread-1] lavalink.server.player.AudioLoader       : Loaded track Gustavo Lima Rojão [#shorts]
2023-07-09 03:58:10.962  INFO 28092 --- [XNIO-1 task-1] lavalink.server.io.RequestLoggingFilter  : GET /loadtracks?identifier=https://www.youtube.com/shorts/FHUhXo8093A, client=127.0.0.1
2023-07-09 03:58:11.292  INFO 28092 --- [XNIO-1 I/O-7] lavalink.server.io.SocketServer          : {"track":"QAAAgwIAHUd1c3Rhdm8gTGltYSBSb2rDo28gWyNzaG9ydHNdAAxTaG9ydCBBbGhlaW8AAAAAAAATiAALRkhVaFhvODA5M0EAAQAraHR0cHM6Ly93d3cueW91dHViZS5jb20vd2F0Y2g/dj1GSFVoWG84MDkzQQAHeW91dHViZQAAAAAAAAAA","guildId":"1041129444955406367","op":"play"}
2023-07-09 03:58:27.307  INFO 28092 --- [XNIO-1 I/O-7] lavalink.server.io.SocketServer          : {"guildId":"1041129444955406367","op":"stop"}
2023-07-09 03:58:27.308  INFO 28092 --- [XNIO-1 I/O-7] lavalink.server.io.SocketServer          : {"guildId":"1041129444955406367","op":"destroy"}
2023-07-09 04:39:07.016  INFO 28092 --- [XNIO-1 task-1] l.server.player.AudioLoaderRestHandler   : Got request to load for identifier "ytsearch:shake it bololo"
2023-07-09 04:39:07.586  INFO 28092 --- [lava-daemon-pool-info-loader-2-thread-1] lavalink.server.player.AudioLoader       : Loaded playlist Search results for: shake it bololo
2023-07-09 04:39:07.594  INFO 28092 --- [XNIO-1 task-1] lavalink.server.io.RequestLoggingFilter  : GET /loadtracks?identifier=ytsearch%3Ashake+it+bololo, client=127.0.0.1
2023-07-09 04:39:07.974  INFO 28092 --- [XNIO-1 I/O-7] lavalink.server.io.SocketServer          : {"track":"QAAArQIASVF1YWNraXR5IGVzY3V0YSBhIG3DunNpY2EgU2hha2UgSXQgQm9sb2xvIGUgRklDQSBFWFRSRU1BTUVOVEUgRU1PQ0lPTkFETy4ACk1pbmUgQ2xpcHMAAAAAAAQDWAALZXFTZ25vekZzYmsAAQAraHR0cHM6Ly93d3cueW91dHViZS5jb20vd2F0Y2g/dj1lcVNnbm96RnNiawAHeW91dHViZQAAAAAAAAAA","guildId":"1041129444955406367","op":"play"}
2023-07-09 04:39:07.975  INFO 28092 --- [lava-daemon-pool-playback-1-thread-2] c.s.d.l.s.y.YoutubeAccessTokenTracker    : Updating YouTube visitor id (current is CgtmZS1vWjJaNXpsNCiKtKmlBg%3D%3D).
2023-07-09 04:39:07.976  INFO 28092 --- [XNIO-1 I/O-7] lavalink.server.io.SocketServer          : {"guildId":"1041129444955406367","sessionId":"1eb5216e0ac78f6dd587d2f31c1c2d9b","event":{"token":"46519ee71a381f0a","endpoint":"brazil934.discord.media:443"},"op":"voiceUpdate"}
2023-07-09 04:39:08.111  INFO 28092 --- [lava-daemon-pool-playback-1-thread-2] c.s.d.l.s.y.YoutubeAccessTokenTracker    : Updating YouTube visitor id succeeded, new one is CgtxSVBVemhsdVNucyihyKmlBg%3D%3D, next update will be after 600 seconds.
2023-07-09 04:39:15.066  INFO 28092 --- [XNIO-1 I/O-7] lavalink.server.io.SocketServer          : {"guildId":"1041129444955406367","op":"stop"}
2023-07-09 04:39:15.067  INFO 28092 --- [XNIO-1 I/O-7] lavalink.server.io.SocketServer          : {"guildId":"1041129444955406367","op":"destroy"}
2023-07-09 04:41:15.165  INFO 28092 --- [XNIO-1 I/O-7] lavalink.server.io.SocketServer          : Connection closed from /127.0.0.1:57056 -- CloseStatus[code=1006, reason=]
2023-07-09 04:41:15.166  INFO 28092 --- [XNIO-1 I/O-7] lavalink.server.io.SocketContext         : Shutting down 0 playing players.
2023-07-09 04:41:57.249  INFO 28092 --- [SpringApplicationShutdownHook] io.undertow                              : stopping server: Undertow - 2.2.16.Final
2023-07-09 04:41:57.252  INFO 28092 --- [SpringApplicationShutdownHook] io.undertow.servlet                      : Destroying Spring FrameworkServlet 'dispatcherServlet'
2023-07-09 04:41:57.254  INFO 28092 --- [SpringApplicationShutdownHook] c.s.d.l.tools.GarbageCollectionMonitor   : GC monitoring disabled.
